Determining if the pthread_create exist failed with the following output:
Change Dir: /home/del/Del/GIIT/ROS2/simulation_ws/build/CMakeFiles/CMakeTmp

Run Build Command:"/usr/bin/make" "cmTC_43b88/fast"
/usr/bin/make -f CMakeFiles/cmTC_43b88.dir/build.make CMakeFiles/cmTC_43b88.dir/build
make[1]: Entering directory '/home/del/Del/GIIT/ROS2/simulation_ws/build/CMakeFiles/CMakeTmp'
Building C object CMakeFiles/cmTC_43b88.dir/CheckSymbolExists.c.o
/usr/bin/cc    -o CMakeFiles/cmTC_43b88.dir/CheckSymbolExists.c.o   -c /home/del/Del/GIIT/ROS2/simulation_ws/build/CMakeFiles/CMakeTmp/CheckSymbolExists.c
Linking C executable cmTC_43b88
/opt/Xilinx/SDK/2018.1/tps/lnx64/cmake-3.3.2/bin/cmake -E cmake_link_script CMakeFiles/cmTC_43b88.dir/link.txt --verbose=1
/usr/bin/cc       CMakeFiles/cmTC_43b88.dir/CheckSymbolExists.c.o  -o cmTC_43b88 -rdynamic 
CMakeFiles/cmTC_43b88.dir/CheckSymbolExists.c.o: In function `main':
CheckSymbolExists.c:(.text+0x1b): undefined reference to `pthread_create'
collect2: error: ld returned 1 exit status
CMakeFiles/cmTC_43b88.dir/build.make:97: recipe for target 'cmTC_43b88' failed
make[1]: *** [cmTC_43b88] Error 1
make[1]: Leaving directory '/home/del/Del/GIIT/ROS2/simulation_ws/build/CMakeFiles/CMakeTmp'
Makefile:126: recipe for target 'cmTC_43b88/fast' failed
make: *** [cmTC_43b88/fast] Error 2

File /home/del/Del/GIIT/ROS2/simulation_ws/build/CMakeFiles/CMakeTmp/CheckSymbolExists.c:
/* */
#include <pthread.h>

int main(int argc, char** argv)
{
  (void)argv;
#ifndef pthread_create
  return ((int*)(&pthread_create))[argc];
#else
  (void)argc;
  return 0;
#endif
}

Determining if the function pthread_create exists in the pthreads failed with the following output:
Change Dir: /home/del/Del/GIIT/ROS2/simulation_ws/build/CMakeFiles/CMakeTmp

Run Build Command:"/usr/bin/make" "cmTC_b2b0a/fast"
/usr/bin/make -f CMakeFiles/cmTC_b2b0a.dir/build.make CMakeFiles/cmTC_b2b0a.dir/build
make[1]: Entering directory '/home/del/Del/GIIT/ROS2/simulation_ws/build/CMakeFiles/CMakeTmp'
Building C object CMakeFiles/cmTC_b2b0a.dir/CheckFunctionExists.c.o
/usr/bin/cc   -DCHECK_FUNCTION_EXISTS=pthread_create   -o CMakeFiles/cmTC_b2b0a.dir/CheckFunctionExists.c.o   -c /opt/Xilinx/SDK/2018.1/tps/lnx64/cmake-3.3.2/share/cmake-3.3/Modules/CheckFunctionExists.c
Linking C executable cmTC_b2b0a
/opt/Xilinx/SDK/2018.1/tps/lnx64/cmake-3.3.2/bin/cmake -E cmake_link_script CMakeFiles/cmTC_b2b0a.dir/link.txt --verbose=1
/usr/bin/cc   -DCHECK_FUNCTION_EXISTS=pthread_create    CMakeFiles/cmTC_b2b0a.dir/CheckFunctionExists.c.o  -o cmTC_b2b0a -rdynamic -lpthreads 
/usr/bin/ld: cannot find -lpthreads
collect2: error: ld returned 1 exit status
CMakeFiles/cmTC_b2b0a.dir/build.make:97: recipe for target 'cmTC_b2b0a' failed
make[1]: Leaving directory '/home/del/Del/GIIT/ROS2/simulation_ws/build/CMakeFiles/CMakeTmp'
make[1]: *** [cmTC_b2b0a] Error 1
Makefile:126: recipe for target 'cmTC_b2b0a/fast' failed
make: *** [cmTC_b2b0a/fast] Error 2


